[2026-03-08 23:43:37] Target time 05:30 already passed today. Sleeping until midnight...
[2026-03-09 00:00:00] Sleeping until 05:30 (19800 seconds)...
[2026-03-09 05:30:03] Running PREMARKET...
[2026-03-09 05:31:38] Premarket completed.
[2026-03-09 05:31:38] Running WORKER AGENT...
[2026-03-09 05:31:40] ERROR: Worker agent failed.
[2026-03-09 05:31:40] Sleeping until 06:30 (3500 seconds)...
[2026-03-09 06:30:00] Running MAIN TRADING ENGINE...
[2026-03-09 06:45:02] Main completed.
[2026-03-09 06:45:02] Finished today. Waiting for tomorrow...
[2026-03-09 06:45:02] Target time 05:30 already passed today. Sleeping until midnight...
[2026-03-09 22:46:46] Target time 06:00 already passed today. Sleeping until midnight...
[2026-03-09 22:57:50] Target time 06:00 already passed today. Sleeping until midnight...
[2026-03-12 23:31:25] Target time 06:00 already passed today. Sleeping until midnight...
[2026-03-13 00:00:01] Sleeping until 06:00 (21599 seconds)...
[2026-03-13 06:00:00] Running PREMARKET...
[2026-03-13 06:01:04] Premarket completed.
[2026-03-13 06:01:04] Running WORKER AGENT...
[2026-03-13 06:01:07] Worker agent completed.
[2026-03-13 06:01:07] Sleeping until 06:30 (1733 seconds)...
[2026-03-13 06:30:00] Running MAIN TRADING ENGINE...
[2026-03-13 06:30:02] Main completed.
[2026-03-13 06:30:02] Finished today. Waiting for tomorrow...
[2026-03-13 06:30:02] Target time 06:00 already passed today. Sleeping until midnight...
[2026-03-15 23:34:18] Target time 06:00 already passed today. Sleeping until midnight...
[2026-03-15 23:35:02] Target time 06:00 already passed today. Sleeping until midnight...
[2026-03-16 00:00:01] Sleeping until 06:00 (21599 seconds)...
[2026-03-16 06:00:00] Running PREMARKET...
[2026-03-16 06:01:04] Premarket completed.
[2026-03-16 06:01:04] Running WORKER AGENT...
[2026-03-16 06:01:05] Worker agent completed.
[2026-03-16 06:01:05] Sleeping until 06:30 (1735 seconds)...
[2026-03-16 06:30:00] Running MAIN TRADING ENGINE...
[2026-03-16 06:30:01] Main completed.
[2026-03-16 06:30:01] Finished today. Waiting for tomorrow...
[2026-03-16 06:30:01] Target time 06:00 already passed today. Sleeping until midnight...
[2026-03-16 23:45:12] Target time 06:00 already passed today. Sleeping until midnight...
[2026-03-16 23:54:17] Target time 06:00 already passed today. Sleeping until midnight...
[2026-03-17 00:00:01] Sleeping until 06:00 (21599 seconds)...
[2026-03-17 06:00:00] Running PREMARKET...
[2026-03-17 06:01:10] Premarket completed.
[2026-03-17 06:01:10] Running WORKER AGENT...
[2026-03-17 06:01:10] Worker agent completed.
[2026-03-17 06:01:10] Sleeping until 06:30 (1730 seconds)...
[2026-03-17 06:30:00] Running MAIN TRADING ENGINE...
[2026-03-17 06:30:01] Main completed.
[2026-03-17 06:30:01] Finished today. Waiting for tomorrow...
[2026-03-17 06:30:01] Target time 06:00 already passed today. Sleeping until midnight...
[2026-03-17 23:45:05] Target time 06:00 already passed today. Sleeping until midnight...
[2026-03-18 00:00:00] Sleeping until 06:00 (21600 seconds)...
[2026-03-18 06:00:00] Running PREMARKET...
[2026-03-18 06:01:09] Premarket completed.
[2026-03-18 06:01:09] Running WORKER AGENT...
[2026-03-18 06:01:10] Worker agent completed.
[2026-03-18 06:01:10] Sleeping until 06:30 (1730 seconds)...
[2026-03-18 06:30:00] Running MAIN TRADING ENGINE...
[2026-03-18 06:30:00] Main completed.
[2026-03-18 06:30:00] Finished today. Waiting for tomorrow...
[2026-03-18 06:30:00] Target time 06:00 already passed today. Sleeping until midnight...
[2026-03-18 23:24:59] Target time 06:00 already passed today. Sleeping until midnight...
[2026-03-18 23:25:06] Target time 06:00 already passed today. Sleeping until midnight...
[2026-03-19 00:00:00] Sleeping until 06:00 (21600 seconds)...
[2026-03-19 06:00:00] Running PREMARKET...
[2026-03-19 06:00:57] Premarket completed.
[2026-03-19 06:00:57] Running WORKER AGENT...
[2026-03-19 06:00:57] Worker agent completed.
[2026-03-19 06:00:57] Sleeping until 06:30 (1743 seconds)...
[2026-03-19 06:30:00] Running MAIN TRADING ENGINE...
[2026-03-19 06:30:01] Main completed.
[2026-03-19 06:30:01] Finished today. Waiting for tomorrow...
[2026-03-19 06:30:01] Target time 06:00 already passed today. Sleeping until midnight...
[2026-03-19 22:59:29] Target time 06:00 already passed today. Sleeping until midnight...
[2026-03-20 00:00:00] Sleeping until 06:00 (21600 seconds)...
[2026-03-20 06:00:01] Running PREMARKET...
[2026-03-20 06:01:06] Premarket completed.
[2026-03-20 06:01:06] Running WORKER AGENT...
[2026-03-20 06:01:08] Worker agent completed.
[2026-03-22 23:21:43] Target time 06:00 already passed today. Sleeping until midnight...
[2026-03-23 00:00:00] Sleeping until 06:00 (21600 seconds)...
[2026-03-23 06:00:02] Running PREMARKET...
[2026-03-23 06:01:10] Premarket completed.
[2026-03-23 06:01:10] Running WORKER AGENT...
[2026-03-23 06:01:11] Worker agent completed.
[2026-03-23 06:01:11] Sleeping until 06:30 (1729 seconds)...
[2026-03-23 06:30:00] Running MAIN TRADING ENGINE...
[2026-03-23 06:30:02] Main completed.
[2026-03-23 06:30:02] Finished today. Waiting for tomorrow...
[2026-03-23 06:30:02] Target time 06:00 already passed today. Sleeping until midnight...
[2026-03-23 23:59:19] Target time 06:00 already passed today. Sleeping until midnight...
[2026-03-24 00:00:00] Sleeping until 06:00 (21600 seconds)...
[2026-03-24 06:00:04] Running PREMARKET...
[2026-03-24 06:01:15] Premarket completed.
[2026-03-24 06:01:15] Running WORKER AGENT...
[2026-03-24 06:01:17] Worker agent completed.
[2026-03-24 06:01:17] Sleeping until 06:30 (1723 seconds)...
[2026-03-24 06:30:00] Running MAIN TRADING ENGINE...
[2026-03-24 06:30:02] Main completed.
[2026-03-24 06:30:02] Finished today. Waiting for tomorrow...
[2026-03-24 06:30:02] Target time 06:00 already passed today. Sleeping until midnight...
[2026-03-24 23:15:34] Target time 06:00 already passed today. Sleeping until midnight...
[2026-03-25 00:00:00] Sleeping until 06:00 (21600 seconds)...
[2026-03-25 06:00:01] Running PREMARKET...
[2026-03-25 06:01:18] Premarket completed.
[2026-03-25 06:01:18] Running WORKER AGENT...
[2026-03-25 06:01:19] Worker agent completed.
[2026-03-25 06:01:19] Sleeping until 06:30 (1721 seconds)...
[2026-03-25 06:30:00] Running MAIN TRADING ENGINE...
[2026-03-25 06:30:01] Main completed.
[2026-03-25 06:30:01] Finished today. Waiting for tomorrow...
[2026-03-25 06:30:01] Target time 06:00 already passed today. Sleeping until midnight...
[2026-03-26 00:36:17] Sleeping until 06:00 (19423 seconds)...
[2026-03-26 06:00:00] Running PREMARKET...
[2026-03-26 06:01:05] Premarket completed.
[2026-03-26 06:01:05] Running WORKER AGENT...
[2026-03-26 06:01:05] Worker agent completed.
[2026-03-26 06:01:05] Sleeping until 06:30 (1735 seconds)...
[2026-03-26 06:30:01] Running MAIN TRADING ENGINE...
[2026-03-26 06:30:01] Main completed.
[2026-03-26 06:30:01] Finished today. Waiting for tomorrow...
[2026-03-26 06:30:01] Target time 06:00 already passed today. Sleeping until midnight...
[2026-03-26 22:55:51] Target time 06:00 already passed today. Sleeping until midnight...
[2026-03-27 00:00:01] Sleeping until 06:00 (21599 seconds)...
[2026-03-27 06:00:00] Running PREMARKET...
[2026-03-27 06:01:03] Premarket completed.
[2026-03-27 06:01:03] Running WORKER AGENT...
[2026-03-27 06:01:03] Worker agent completed.
[2026-03-27 06:01:03] Sleeping until 06:30 (1737 seconds)...
[2026-03-27 06:30:00] Running MAIN TRADING ENGINE...
[2026-03-27 06:30:02] Main completed.
[2026-03-27 06:30:02] Finished today. Waiting for tomorrow...
[2026-03-27 06:30:02] Target time 06:00 already passed today. Sleeping until midnight...
[2026-03-29 22:19:44] Target time 06:00 already passed today. Sleeping until midnight...
[2026-03-30 00:00:01] Sleeping until 06:00 (21599 seconds)...
[2026-03-30 06:00:00] Running PREMARKET...
[2026-03-30 06:01:27] Premarket completed.
[2026-03-30 06:01:27] Running WORKER AGENT...
[2026-03-30 06:01:29] Worker agent completed.
[2026-03-30 06:01:29] Sleeping until 06:30 (1711 seconds)...
[2026-03-30 06:30:00] Running MAIN TRADING ENGINE...
[2026-03-30 06:30:02] Main completed.
[2026-03-30 06:30:02] Finished today. Waiting for tomorrow...
[2026-03-30 06:30:02] Target time 06:00 already passed today. Sleeping until midnight...
[2026-03-30 22:46:12] Target time 06:00 already passed today. Sleeping until midnight...
[2026-03-31 00:00:01] Sleeping until 06:00 (21599 seconds)...
[2026-03-31 06:00:01] Running PREMARKET...
[2026-03-31 06:01:20] Premarket completed.
[2026-03-31 06:01:20] Running WORKER AGENT...
[2026-03-31 06:01:21] Worker agent completed.
[2026-03-31 06:01:21] Sleeping until 06:30 (1719 seconds)...
[2026-03-31 06:30:00] Running MAIN TRADING ENGINE...
[2026-03-31 06:30:01] Main completed.
[2026-03-31 06:30:01] Finished today. Waiting for tomorrow...
[2026-03-31 06:30:01] Target time 06:00 already passed today. Sleeping until midnight...
[2026-03-31 23:15:50] Target time 06:00 already passed today. Sleeping until midnight...
[2026-04-01 00:00:00] Sleeping until 06:00 (21600 seconds)...
[2026-04-01 06:00:00] Running PREMARKET...
[2026-04-01 06:01:11] Premarket completed.
[2026-04-01 06:01:11] Running WORKER AGENT...
[2026-04-01 06:01:12] Worker agent completed.
[2026-04-01 06:01:12] Sleeping until 06:30 (1728 seconds)...
[2026-04-01 06:30:00] Running MAIN TRADING ENGINE...
[2026-04-01 06:30:01] Main completed.
[2026-04-01 06:30:01] Finished today. Waiting for tomorrow...
[2026-04-01 06:30:01] Target time 06:00 already passed today. Sleeping until midnight...
[2026-04-01 22:47:20] Target time 06:00 already passed today. Sleeping until midnight...
[2026-04-02 00:00:00] Sleeping until 06:00 (21600 seconds)...
[2026-04-02 06:00:00] Running PREMARKET...
[2026-04-02 06:01:38] Premarket completed.
[2026-04-02 06:01:38] Running WORKER AGENT...
[2026-04-02 06:01:38] Worker agent completed.
[2026-04-02 06:01:38] Sleeping until 06:30 (1702 seconds)...
[2026-04-02 06:30:00] Running MAIN TRADING ENGINE...
[2026-04-02 06:30:01] Main completed.
[2026-04-02 06:30:01] Finished today. Waiting for tomorrow...
[2026-04-02 06:30:01] Target time 06:00 already passed today. Sleeping until midnight...
[2026-04-02 23:12:19] Target time 06:00 already passed today. Sleeping until midnight...
[2026-04-03 00:00:00] Sleeping until 06:00 (21600 seconds)...
[2026-04-03 06:00:00] Running PREMARKET...
[2026-04-03 06:01:00] Premarket completed.
[2026-04-03 06:01:00] Running WORKER AGENT...
[2026-04-03 06:01:02] Worker agent completed.
[2026-04-03 06:01:02] Sleeping until 06:30 (1738 seconds)...
[2026-04-03 06:30:00] Running MAIN TRADING ENGINE...
[2026-04-03 06:30:02] Main completed.
[2026-04-03 06:30:02] Finished today. Waiting for tomorrow...
[2026-04-03 06:30:02] Target time 06:00 already passed today. Sleeping until midnight...
